<?xml version="1.0" encoding="UTF-8"?><testrun name="AallSuit (1)" project="parcel-pickup" tests="49" started="49" failures="6" errors="0" ignored="0">
  <testsuite name="com.ppAPI.AallSuit" time="876.761">
    <testsuite name="com.ppAPI.AllActiveAndOnHoldPickupGetTest" time="34.795">
      <testcase name="activGet" classname="com.ppAPI.AllActiveAndOnHoldPickupGetTest" time="34.795"/>
    </testsuite>
    <testsuite name="com.ppAPI.BPostalCodeGetTest" time="2.794">
      <testcase name="PostalCode" classname="com.ppAPI.BPostalCodeGetTest" time="2.794"/>
    </testsuite>
    <testsuite name="com.ppAPI.BusinessCalendarOnDemandTest" time="8.226">
      <testsuite name="[smb no credit card]" time="6.266">
        <testcase name="businesDaysGet[smb no credit card]" classname="com.ppAPI.BusinessCalendarOnDemandTest" time="6.266"/>
      </testsuite>
      <testsuite name="[commercial]" time="1.96">
        <testcase name="businesDaysGet[commercial]" classname="com.ppAPI.BusinessCalendarOnDemandTest" time="1.96"/>
      </testsuite>
    </testsuite>
    <testsuite name="com.ppAPI.BusinessCallendarScheduledTest">
      <testsuite name="[commercial]" incomplete="true">
        <testcase name="businesDaysGet[commercial]" classname="com.ppAPI.BusinessCallendarScheduledTest" incomplete="true"/>
      </testsuite>
      <testsuite name="[commercial]" time="1.398">
        <testcase name="businesDaysGet[commercial]" classname="com.ppAPI.BusinessCallendarScheduledTest" time="2.344"/>
      </testsuite>
    </testsuite>
    <testsuite name="com.ppAPI.CalendarOnDemandParametarsTest" time="41.699">
      <testsuite name="[DIA0-1]" time="7.632">
        <testcase name="businesDaysGet[DIA0-1]" classname="com.ppAPI.CalendarOnDemandParametarsTest" time="7.632"/>
      </testsuite>
      <testsuite name="[DIA0-2]" time="2.959">
        <testcase name="businesDaysGet[DIA0-2]" classname="com.ppAPI.CalendarOnDemandParametarsTest" time="2.959"/>
      </testsuite>
      <testsuite name="[DIA0-3]" time="7.69">
        <testcase name="businesDaysGet[DIA0-3]" classname="com.ppAPI.CalendarOnDemandParametarsTest" time="7.69"/>
      </testsuite>
      <testsuite name="[DIA0-4]" time="2.745">
        <testcase name="businesDaysGet[DIA0-4]" classname="com.ppAPI.CalendarOnDemandParametarsTest" time="2.745"/>
      </testsuite>
      <testsuite name="[DIA1-1]" time="8.07">
        <testcase name="businesDaysGet[DIA1-1]" classname="com.ppAPI.CalendarOnDemandParametarsTest" time="8.07"/>
      </testsuite>
      <testsuite name="[DIA1-2]" time="2.67">
        <testcase name="businesDaysGet[DIA1-2]" classname="com.ppAPI.CalendarOnDemandParametarsTest" time="2.67"/>
      </testsuite>
      <testsuite name="[DIA1-3]" time="7.669">
        <testcase name="businesDaysGet[DIA1-3]" classname="com.ppAPI.CalendarOnDemandParametarsTest" time="7.669"/>
      </testsuite>
      <testsuite name="[DIA1-4]" time="2.263">
        <testcase name="businesDaysGet[DIA1-4]" classname="com.ppAPI.CalendarOnDemandParametarsTest" time="2.263"/>
      </testsuite>
    </testsuite>
    <testsuite name="com.ppAPI.CheckExistingOnDemandRequestsTest" time="75.871">
      <testcase name="existTrue" classname="com.ppAPI.CheckExistingOnDemandRequestsTest" time="39.579"/>
      <testcase name="existFalse" classname="com.ppAPI.CheckExistingOnDemandRequestsTest" time="36.292"/>
    </testsuite>
    <testsuite name="com.ppAPI.CreateOnDemandErrorsTest" time="1.219">
      <testcase name="wrongPostalCode" classname="com.ppAPI.CreateOnDemandErrorsTest" time="1.094">
        <failure>java.lang.AssertionError: expected:&lt;true&gt; but was:&lt;false&gt;
	at org.junit.Assert.fail(Assert.java:88)
	at org.junit.Assert.failNotEquals(Assert.java:834)
	at org.junit.Assert.assertEquals(Assert.java:118)
	at org.junit.Assert.assertEquals(Assert.java:144)
	at com.ppAPI.CreateOnDemandErrorsTest.wrongPostalCode(CreateOnDemandErrorsTest.java:146)
	at java.base/jdk.internal.reflect.NativeMethodAccessorImpl.invoke0(Native Method)
	at java.base/jdk.internal.reflect.NativeMethodAccessorImpl.invoke(NativeMethodAccessorImpl.java:62)
	at java.base/jdk.internal.reflect.DelegatingMethodAccessorImpl.invoke(DelegatingMethodAccessorImpl.java:43)
	at java.base/java.lang.reflect.Method.invoke(Method.java:564)
	at org.junit.runners.model.FrameworkMethod$1.runReflectiveCall(FrameworkMethod.java:50)
	at org.junit.internal.runners.model.ReflectiveCallable.run(ReflectiveCallable.java:12)
	at org.junit.runners.model.FrameworkMethod.invokeExplosively(FrameworkMethod.java:47)
	at org.junit.internal.runners.statements.InvokeMethod.evaluate(InvokeMethod.java:17)
	at org.junit.runners.ParentRunner.runLeaf(ParentRunner.java:325)
	at org.junit.runners.BlockJUnit4ClassRunner.runChild(BlockJUnit4ClassRunner.java:78)
	at org.junit.runners.BlockJUnit4ClassRunner.runChild(BlockJUnit4ClassRunner.java:57)
	at org.junit.runners.ParentRunner$3.run(ParentRunner.java:290)
	at org.junit.runners.ParentRunner$1.schedule(ParentRunner.java:71)
	at org.junit.runners.ParentRunner.runChildren(ParentRunner.java:288)
	at org.junit.runners.ParentRunner.access$000(ParentRunner.java:58)
	at org.junit.runners.ParentRunner$2.evaluate(ParentRunner.java:268)
	at org.junit.internal.runners.statements.RunBefores.evaluate(RunBefores.java:26)
	at org.junit.runners.ParentRunner.run(ParentRunner.java:363)
	at org.junit.runners.Suite.runChild(Suite.java:128)
	at org.junit.runners.Suite.runChild(Suite.java:27)
	at org.junit.runners.ParentRunner$3.run(ParentRunner.java:290)
	at org.junit.runners.ParentRunner$1.schedule(ParentRunner.java:71)
	at org.junit.runners.ParentRunner.runChildren(ParentRunner.java:288)
	at org.junit.runners.ParentRunner.access$000(ParentRunner.java:58)
	at org.junit.runners.ParentRunner$2.evaluate(ParentRunner.java:268)
	at org.junit.runners.ParentRunner.run(ParentRunner.java:363)
	at org.eclipse.jdt.internal.junit4.runner.JUnit4TestReference.run(JUnit4TestReference.java:86)
	at org.eclipse.jdt.internal.junit.runner.TestExecution.run(TestExecution.java:38)
	at org.eclipse.jdt.internal.junit.runner.RemoteTestRunner.runTests(RemoteTestRunner.java:538)
	at org.eclipse.jdt.internal.junit.runner.RemoteTestRunner.runTests(RemoteTestRunner.java:760)
	at org.eclipse.jdt.internal.junit.runner.RemoteTestRunner.run(RemoteTestRunner.java:460)
	at org.eclipse.jdt.internal.junit.runner.RemoteTestRunner.main(RemoteTestRunner.java:206)

</failure>
      </testcase>
      <testcase name="addressIsIncomplete" classname="com.ppAPI.CreateOnDemandErrorsTest" time="0.125"/>
    </testsuite>
    <testsuite name="com.ppAPI.EligibilityCustomerTest" time="0.204">
      <testcase name="eligibilityGet" classname="com.ppAPI.EligibilityCustomerTest" time="0.204"/>
    </testsuite>
    <testsuite name="com.ppAPI.GetPickupAvailabilityTest" time="1.476">
      <testcase name="PickupAvailability" classname="com.ppAPI.GetPickupAvailabilityTest" time="1.476"/>
    </testsuite>
    <testsuite name="com.ppAPI.OnDemandRequestCancelTest" time="73.03">
      <testcase name="cancelOnDemandRequestPup" classname="com.ppAPI.OnDemandRequestCancelTest" time="34.716"/>
      <testcase name="cancelOnDemandRequestPupAdmin" classname="com.ppAPI.OnDemandRequestCancelTest" time="38.314"/>
    </testsuite>
    <testsuite name="com.ppAPI.GetPickupAvailabilityV2Test" time="1.785">
      <testcase name="PickupAvailabilityVTwoNoDate" classname="com.ppAPI.GetPickupAvailabilityV2Test" time="0.861"/>
      <testcase name="PickupAvailabilityVTwo" classname="com.ppAPI.GetPickupAvailabilityV2Test" time="0.924"/>
    </testsuite>
    <testsuite name="com.ppAPI.PickupGETdetailsTest" time="81.07">
      <testcase name="pickupOndemandGetOnDemand" classname="com.ppAPI.PickupGETdetailsTest" time="8.719">
        <failure>
          <expected>Jimmy</expected>
          <actual>Mohammad Uzair dEFECT </actual>
          org.junit.ComparisonFailure: contact name expected:&lt;[Jimmy]&gt; but was:&lt;[Mohammad Uzair dEFECT ]&gt;
	at org.junit.Assert.assertEquals(Assert.java:115)
	at com.ppAPI.PickupGETdetailsTest.pickupOndemandGetOnDemand(PickupGETdetailsTest.java:185)
	at java.base/jdk.internal.reflect.NativeMethodAccessorImpl.invoke0(Native Method)
	at java.base/jdk.internal.reflect.NativeMethodAccessorImpl.invoke(NativeMethodAccessorImpl.java:62)
	at java.base/jdk.internal.reflect.DelegatingMethodAccessorImpl.invoke(DelegatingMethodAccessorImpl.java:43)
	at java.base/java.lang.reflect.Method.invoke(Method.java:564)
	at org.junit.runners.model.FrameworkMethod$1.runReflectiveCall(FrameworkMethod.java:50)
	at org.junit.internal.runners.model.ReflectiveCallable.run(ReflectiveCallable.java:12)
	at org.junit.runners.model.FrameworkMethod.invokeExplosively(FrameworkMethod.java:47)
	at org.junit.internal.runners.statements.InvokeMethod.evaluate(InvokeMethod.java:17)
	at org.junit.runners.ParentRunner.runLeaf(ParentRunner.java:325)
	at org.junit.runners.BlockJUnit4ClassRunner.runChild(BlockJUnit4ClassRunner.java:78)
	at org.junit.runners.BlockJUnit4ClassRunner.runChild(BlockJUnit4ClassRunner.java:57)
	at org.junit.runners.ParentRunner$3.run(ParentRunner.java:290)
	at org.junit.runners.ParentRunner$1.schedule(ParentRunner.java:71)
	at org.junit.runners.ParentRunner.runChildren(ParentRunner.java:288)
	at org.junit.runners.ParentRunner.access$000(ParentRunner.java:58)
	at org.junit.runners.ParentRunner$2.evaluate(ParentRunner.java:268)
	at org.junit.internal.runners.statements.RunBefores.evaluate(RunBefores.java:26)
	at org.junit.runners.ParentRunner.run(ParentRunner.java:363)
	at org.junit.runners.Suite.runChild(Suite.java:128)
	at org.junit.runners.Suite.runChild(Suite.java:27)
	at org.junit.runners.ParentRunner$3.run(ParentRunner.java:290)
	at org.junit.runners.ParentRunner$1.schedule(ParentRunner.java:71)
	at org.junit.runners.ParentRunner.runChildren(ParentRunner.java:288)
	at org.junit.runners.ParentRunner.access$000(ParentRunner.java:58)
	at org.junit.runners.ParentRunner$2.evaluate(ParentRunner.java:268)
	at org.junit.runners.ParentRunner.run(ParentRunner.java:363)
	at org.eclipse.jdt.internal.junit4.runner.JUnit4TestReference.run(JUnit4TestReference.java:86)
	at org.eclipse.jdt.internal.junit.runner.TestExecution.run(TestExecution.java:38)
	at org.eclipse.jdt.internal.junit.runner.RemoteTestRunner.runTests(RemoteTestRunner.java:538)
	at org.eclipse.jdt.internal.junit.runner.RemoteTestRunner.runTests(RemoteTestRunner.java:760)
	at org.eclipse.jdt.internal.junit.runner.RemoteTestRunner.run(RemoteTestRunner.java:460)
	at org.eclipse.jdt.internal.junit.runner.RemoteTestRunner.main(RemoteTestRunner.java:206)


        </failure>
      </testcase>
      <testcase name="pickupOndemandGetScheduled" classname="com.ppAPI.PickupGETdetailsTest" time="72.351"/>
    </testsuite>
    <testsuite name="com.ppAPI.PickupOndemandGetPriceTest" time="32.866">
      <testcase name="iipFlagTrue" classname="com.ppAPI.PickupOndemandGetPriceTest" time="0.222"/>
      <testcase name="priorityItemsFlagFalse" classname="com.ppAPI.PickupOndemandGetPriceTest" time="0.881">
        <failure>
          <expected>{"preTaxAmt":"3.50","gstAmt":"0.00","pstAmt":"0.00","hstAmt":"0.46","dueAmt":"3.96"}</expected>
          <actual>{"preTaxAmt":"3.50","gstAmt":"0.18","pstAmt":"0.00","hstAmt":"0.35","dueAmt":"4.03"}</actual>
          org.junit.ComparisonFailure: Response body expected:&lt;...:"3.50","gstAmt":"0.[00","pstAmt":"0.00","hstAmt":"0.46","dueAmt":"3.96]"}&gt; but was:&lt;...:"3.50","gstAmt":"0.[18","pstAmt":"0.00","hstAmt":"0.35","dueAmt":"4.03]"}&gt;
	at org.junit.Assert.assertEquals(Assert.java:115)
	at com.ppAPI.PickupOndemandGetPriceTest.priorityItemsFlagFalse(PickupOndemandGetPriceTest.java:202)
	at java.base/jdk.internal.reflect.NativeMethodAccessorImpl.invoke0(Native Method)
	at java.base/jdk.internal.reflect.NativeMethodAccessorImpl.invoke(NativeMethodAccessorImpl.java:62)
	at java.base/jdk.internal.reflect.DelegatingMethodAccessorImpl.invoke(DelegatingMethodAccessorImpl.java:43)
	at java.base/java.lang.reflect.Method.invoke(Method.java:564)
	at org.junit.runners.model.FrameworkMethod$1.runReflectiveCall(FrameworkMethod.java:50)
	at org.junit.internal.runners.model.ReflectiveCallable.run(ReflectiveCallable.java:12)
	at org.junit.runners.model.FrameworkMethod.invokeExplosively(FrameworkMethod.java:47)
	at org.junit.internal.runners.statements.InvokeMethod.evaluate(InvokeMethod.java:17)
	at org.junit.runners.ParentRunner.runLeaf(ParentRunner.java:325)
	at org.junit.runners.BlockJUnit4ClassRunner.runChild(BlockJUnit4ClassRunner.java:78)
	at org.junit.runners.BlockJUnit4ClassRunner.runChild(BlockJUnit4ClassRunner.java:57)
	at org.junit.runners.ParentRunner$3.run(ParentRunner.java:290)
	at org.junit.runners.ParentRunner$1.schedule(ParentRunner.java:71)
	at org.junit.runners.ParentRunner.runChildren(ParentRunner.java:288)
	at org.junit.runners.ParentRunner.access$000(ParentRunner.java:58)
	at org.junit.runners.ParentRunner$2.evaluate(ParentRunner.java:268)
	at org.junit.internal.runners.statements.RunBefores.evaluate(RunBefores.java:26)
	at org.junit.runners.ParentRunner.run(ParentRunner.java:363)
	at org.junit.runners.Suite.runChild(Suite.java:128)
	at org.junit.runners.Suite.runChild(Suite.java:27)
	at org.junit.runners.ParentRunner$3.run(ParentRunner.java:290)
	at org.junit.runners.ParentRunner$1.schedule(ParentRunner.java:71)
	at org.junit.runners.ParentRunner.runChildren(ParentRunner.java:288)
	at org.junit.runners.ParentRunner.access$000(ParentRunner.java:58)
	at org.junit.runners.ParentRunner$2.evaluate(ParentRunner.java:268)
	at org.junit.runners.ParentRunner.run(ParentRunner.java:363)
	at org.eclipse.jdt.internal.junit4.runner.JUnit4TestReference.run(JUnit4TestReference.java:86)
	at org.eclipse.jdt.internal.junit.runner.TestExecution.run(TestExecution.java:38)
	at org.eclipse.jdt.internal.junit.runner.RemoteTestRunner.runTests(RemoteTestRunner.java:538)
	at org.eclipse.jdt.internal.junit.runner.RemoteTestRunner.runTests(RemoteTestRunner.java:760)
	at org.eclipse.jdt.internal.junit.runner.RemoteTestRunner.run(RemoteTestRunner.java:460)
	at org.eclipse.jdt.internal.junit.runner.RemoteTestRunner.main(RemoteTestRunner.java:206)


        </failure>
      </testcase>
      <testcase name="wwFlagTrue" classname="com.ppAPI.PickupOndemandGetPriceTest" time="0.217"/>
      <testcase name="wwFlagFalse" classname="com.ppAPI.PickupOndemandGetPriceTest" time="0.75">
        <failure>
          <expected>{"preTaxAmt":"3.50","gstAmt":"0.00","pstAmt":"0.00","hstAmt":"0.46","dueAmt":"3.96"}</expected>
          <actual>{"preTaxAmt":"3.50","gstAmt":"0.18","pstAmt":"0.00","hstAmt":"0.35","dueAmt":"4.03"}</actual>
          org.junit.ComparisonFailure: Response body expected:&lt;...:"3.50","gstAmt":"0.[00","pstAmt":"0.00","hstAmt":"0.46","dueAmt":"3.96]"}&gt; but was:&lt;...:"3.50","gstAmt":"0.[18","pstAmt":"0.00","hstAmt":"0.35","dueAmt":"4.03]"}&gt;
	at org.junit.Assert.assertEquals(Assert.java:115)
	at com.ppAPI.PickupOndemandGetPriceTest.wwFlagFalse(PickupOndemandGetPriceTest.java:144)
	at java.base/jdk.internal.reflect.NativeMethodAccessorImpl.invoke0(Native Method)
	at java.base/jdk.internal.reflect.NativeMethodAccessorImpl.invoke(NativeMethodAccessorImpl.java:62)
	at java.base/jdk.internal.reflect.DelegatingMethodAccessorImpl.invoke(DelegatingMethodAccessorImpl.java:43)
	at java.base/java.lang.reflect.Method.invoke(Method.java:564)
	at org.junit.runners.model.FrameworkMethod$1.runReflectiveCall(FrameworkMethod.java:50)
	at org.junit.internal.runners.model.ReflectiveCallable.run(ReflectiveCallable.java:12)
	at org.junit.runners.model.FrameworkMethod.invokeExplosively(FrameworkMethod.java:47)
	at org.junit.internal.runners.statements.InvokeMethod.evaluate(InvokeMethod.java:17)
	at org.junit.runners.ParentRunner.runLeaf(ParentRunner.java:325)
	at org.junit.runners.BlockJUnit4ClassRunner.runChild(BlockJUnit4ClassRunner.java:78)
	at org.junit.runners.BlockJUnit4ClassRunner.runChild(BlockJUnit4ClassRunner.java:57)
	at org.junit.runners.ParentRunner$3.run(ParentRunner.java:290)
	at org.junit.runners.ParentRunner$1.schedule(ParentRunner.java:71)
	at org.junit.runners.ParentRunner.runChildren(ParentRunner.java:288)
	at org.junit.runners.ParentRunner.access$000(ParentRunner.java:58)
	at org.junit.runners.ParentRunner$2.evaluate(ParentRunner.java:268)
	at org.junit.internal.runners.statements.RunBefores.evaluate(RunBefores.java:26)
	at org.junit.runners.ParentRunner.run(ParentRunner.java:363)
	at org.junit.runners.Suite.runChild(Suite.java:128)
	at org.junit.runners.Suite.runChild(Suite.java:27)
	at org.junit.runners.ParentRunner$3.run(ParentRunner.java:290)
	at org.junit.runners.ParentRunner$1.schedule(ParentRunner.java:71)
	at org.junit.runners.ParentRunner.runChildren(ParentRunner.java:288)
	at org.junit.runners.ParentRunner.access$000(ParentRunner.java:58)
	at org.junit.runners.ParentRunner$2.evaluate(ParentRunner.java:268)
	at org.junit.runners.ParentRunner.run(ParentRunner.java:363)
	at org.eclipse.jdt.internal.junit4.runner.JUnit4TestReference.run(JUnit4TestReference.java:86)
	at org.eclipse.jdt.internal.junit.runner.TestExecution.run(TestExecution.java:38)
	at org.eclipse.jdt.internal.junit.runner.RemoteTestRunner.runTests(RemoteTestRunner.java:538)
	at org.eclipse.jdt.internal.junit.runner.RemoteTestRunner.runTests(RemoteTestRunner.java:760)
	at org.eclipse.jdt.internal.junit.runner.RemoteTestRunner.run(RemoteTestRunner.java:460)
	at org.eclipse.jdt.internal.junit.runner.RemoteTestRunner.main(RemoteTestRunner.java:206)


        </failure>
      </testcase>
      <testcase name="iipFlagFalse" classname="com.ppAPI.PickupOndemandGetPriceTest" time="0.722">
        <failure>
          <expected>{"preTaxAmt":"3.50","gstAmt":"0.00","pstAmt":"0.00","hstAmt":"0.46","dueAmt":"3.96"}</expected>
          <actual>{"preTaxAmt":"3.50","gstAmt":"0.18","pstAmt":"0.00","hstAmt":"0.35","dueAmt":"4.03"}</actual>
          org.junit.ComparisonFailure: Response body expected:&lt;...:"3.50","gstAmt":"0.[00","pstAmt":"0.00","hstAmt":"0.46","dueAmt":"3.96]"}&gt; but was:&lt;...:"3.50","gstAmt":"0.[18","pstAmt":"0.00","hstAmt":"0.35","dueAmt":"4.03]"}&gt;
	at org.junit.Assert.assertEquals(Assert.java:115)
	at com.ppAPI.PickupOndemandGetPriceTest.iipFlagFalse(PickupOndemandGetPriceTest.java:56)
	at java.base/jdk.internal.reflect.NativeMethodAccessorImpl.invoke0(Native Method)
	at java.base/jdk.internal.reflect.NativeMethodAccessorImpl.invoke(NativeMethodAccessorImpl.java:62)
	at java.base/jdk.internal.reflect.DelegatingMethodAccessorImpl.invoke(DelegatingMethodAccessorImpl.java:43)
	at java.base/java.lang.reflect.Method.invoke(Method.java:564)
	at org.junit.runners.model.FrameworkMethod$1.runReflectiveCall(FrameworkMethod.java:50)
	at org.junit.internal.runners.model.ReflectiveCallable.run(ReflectiveCallable.java:12)
	at org.junit.runners.model.FrameworkMethod.invokeExplosively(FrameworkMethod.java:47)
	at org.junit.internal.runners.statements.InvokeMethod.evaluate(InvokeMethod.java:17)
	at org.junit.runners.ParentRunner.runLeaf(ParentRunner.java:325)
	at org.junit.runners.BlockJUnit4ClassRunner.runChild(BlockJUnit4ClassRunner.java:78)
	at org.junit.runners.BlockJUnit4ClassRunner.runChild(BlockJUnit4ClassRunner.java:57)
	at org.junit.runners.ParentRunner$3.run(ParentRunner.java:290)
	at org.junit.runners.ParentRunner$1.schedule(ParentRunner.java:71)
	at org.junit.runners.ParentRunner.runChildren(ParentRunner.java:288)
	at org.junit.runners.ParentRunner.access$000(ParentRunner.java:58)
	at org.junit.runners.ParentRunner$2.evaluate(ParentRunner.java:268)
	at org.junit.internal.runners.statements.RunBefores.evaluate(RunBefores.java:26)
	at org.junit.runners.ParentRunner.run(ParentRunner.java:363)
	at org.junit.runners.Suite.runChild(Suite.java:128)
	at org.junit.runners.Suite.runChild(Suite.java:27)
	at org.junit.runners.ParentRunner$3.run(ParentRunner.java:290)
	at org.junit.runners.ParentRunner$1.schedule(ParentRunner.java:71)
	at org.junit.runners.ParentRunner.runChildren(ParentRunner.java:288)
	at org.junit.runners.ParentRunner.access$000(ParentRunner.java:58)
	at org.junit.runners.ParentRunner$2.evaluate(ParentRunner.java:268)
	at org.junit.runners.ParentRunner.run(ParentRunner.java:363)
	at org.eclipse.jdt.internal.junit4.runner.JUnit4TestReference.run(JUnit4TestReference.java:86)
	at org.eclipse.jdt.internal.junit.runner.TestExecution.run(TestExecution.java:38)
	at org.eclipse.jdt.internal.junit.runner.RemoteTestRunner.runTests(RemoteTestRunner.java:538)
	at org.eclipse.jdt.internal.junit.runner.RemoteTestRunner.runTests(RemoteTestRunner.java:760)
	at org.eclipse.jdt.internal.junit.runner.RemoteTestRunner.run(RemoteTestRunner.java:460)
	at org.eclipse.jdt.internal.junit.runner.RemoteTestRunner.main(RemoteTestRunner.java:206)


        </failure>
      </testcase>
      <testcase name="priorityItemsFlagTrue" classname="com.ppAPI.PickupOndemandGetPriceTest" time="30.074"/>
    </testsuite>
    <testsuite name="com.ppAPI.PickupOndemandPostTest" time="25.558">
      <testcase name="pickupOndemandPost" classname="com.ppAPI.PickupOndemandPostTest" time="11.054"/>
      <testcase name="pickupOndemandPostOneHourAfter" classname="com.ppAPI.PickupOndemandPostTest" time="3.474"/>
      <testcase name="pickupOndemandPostOneHourBefore" classname="com.ppAPI.PickupOndemandPostTest" time="2.115"/>
      <testcase name="pickupOndemandPostPupAdmin" classname="com.ppAPI.PickupOndemandPostTest" time="8.915"/>
    </testsuite>
    <testsuite name="com.ppAPI.PickupOnDemandPutTest" time="10.45">
      <testcase name="pickupOndemandPut" classname="com.ppAPI.PickupOnDemandPutTest" time="10.45"/>
    </testsuite>
    <testsuite name="com.ppAPI.PickupPrintersTest" time="0.351">
      <testcase name="pickupPrinters" classname="com.ppAPI.PickupPrintersTest" time="0.351"/>
    </testsuite>
    <testsuite name="com.ppAPI.PpickupAcdPostTest" time="0.742">
      <testcase name="acdPost" classname="com.ppAPI.PpickupAcdPostTest" time="0.742"/>
    </testsuite>
    <testsuite name="com.ppAPI.ScheduledPickupOnHoldPostTest" time="75.612">
      <testcase name="pickupOnHold" classname="com.ppAPI.ScheduledPickupOnHoldPostTest" time="75.612"/>
    </testsuite>
    <testsuite name="com.ppAPI.ScheduledPickupPostTest" time="216.179">
      <testcase name="pickupPostPupAdminWithStartAndEndDate" classname="com.ppAPI.ScheduledPickupPostTest" time="37.532"/>
      <testcase name="pickupPostPupAdmin" classname="com.ppAPI.ScheduledPickupPostTest" time="90.636"/>
      <testcase name="pickupPost" classname="com.ppAPI.ScheduledPickupPostTest" time="88.011"/>
    </testsuite>
    <testsuite name="com.ppAPI.ScheduledPickupPutTest" time="35.457">
      <testcase name="pickupPut" classname="com.ppAPI.ScheduledPickupPutTest" time="35.457"/>
    </testsuite>
    <testsuite name="com.ppAPI.ScheduledPickupResumeDeleteTest" time="42.79">
      <testcase name="resumeScheduledPickup" classname="com.ppAPI.ScheduledPickupResumeDeleteTest" time="42.79"/>
    </testsuite>
    <testsuite name="com.ppAPI.ScheduledRequestCancelTest" time="87.868">
      <testcase name="cancelScheduledRequestPupAdmin" classname="com.ppAPI.ScheduledRequestCancelTest" time="49.556"/>
      <testcase name="cancelScheduledRequestPup" classname="com.ppAPI.ScheduledRequestCancelTest" time="38.312"/>
    </testsuite>
    <testsuite name="com.ppAPI.TimeZoneTest" time="0.153">
      <testcase name="timeZone" classname="com.ppAPI.TimeZoneTest" time="0.153"/>
    </testsuite>
    <testsuite name="com.ppAPI.ValidateRequest" time="22.82">
      <testcase name="validateOnDemand" classname="com.ppAPI.ValidateRequest" time="22.82"/>
    </testsuite>
  </testsuite>
</testrun>
